[      43ms] [ERROR] Failed to load resource: the server responded with a status of 404 (Not Found) @ http://localhost:3000/umami/script.js:0
[     540ms] [INFO] %cDownload the React DevTools for a better development experience: https://reactjs.org/link/react-devtools font-weight:bold @ webpack-internal:///./node_modules/.pnpm/react-dom@18.3.1_react@18.3.1/node_modules/react-dom/cjs/react-dom.development.js:29889
[     600ms] [ERROR] Failed to load resource: the server responded with a status of 404 (Not Found) @ http://localhost:3000/images/texture-noise.png:0
[     600ms] [LOG] [HMR] connected @ webpack-internal:///./node_modules/.pnpm/next@14.2.35_react-dom@18.3.1_react@18.3.1__react@18.3.1_sass@1.101.0/node_modules/next/dist/client/components/react-dev-overlay/pages/websocket.js:38
[   10526ms] [ERROR] Failed to load resource: the server responded with a status of 404 (Not Found) @ http://localhost:3000/music/example.mp3:0
[   39005ms] [LOG] [Fast Refresh] rebuilding @ webpack-internal:///./node_modules/.pnpm/next@14.2.35_react-dom@18.3.1_react@18.3.1__react@18.3.1_sass@1.101.0/node_modules/next/dist/client/components/react-dev-overlay/pages/hot-reloader-client.js:221
[  146903ms] [LOG] [Fast Refresh] rebuilding @ webpack-internal:///./node_modules/.pnpm/next@14.2.35_react-dom@18.3.1_react@18.3.1__react@18.3.1_sass@1.101.0/node_modules/next/dist/client/components/react-dev-overlay/pages/hot-reloader-client.js:221
[  146980ms] [LOG] [Fast Refresh] done in 78ms @ webpack-internal:///./node_modules/.pnpm/next@14.2.35_react-dom@18.3.1_react@18.3.1__react@18.3.1_sass@1.101.0/node_modules/next/dist/client/components/react-dev-overlay/pages/hot-reloader-client.js:190
[  197183ms] [LOG] [Fast Refresh] rebuilding @ webpack-internal:///./node_modules/.pnpm/next@14.2.35_react-dom@18.3.1_react@18.3.1__react@18.3.1_sass@1.101.0/node_modules/next/dist/client/components/react-dev-overlay/pages/hot-reloader-client.js:221
[  197979ms] [LOG] [Fast Refresh] done in 796ms @ webpack-internal:///./node_modules/.pnpm/next@14.2.35_react-dom@18.3.1_react@18.3.1__react@18.3.1_sass@1.101.0/node_modules/next/dist/client/components/react-dev-overlay/pages/hot-reloader-client.js:190
[  198150ms] [LOG] Refreshing page data due to server-side change @ webpack-internal:///./node_modules/.pnpm/next@14.2.35_react-dom@18.3.1_react@18.3.1__react@18.3.1_sass@1.101.0/node_modules/next/dist/client/page-bootstrap.js:100
[  211223ms] [LOG] [Fast Refresh] rebuilding @ webpack-internal:///./node_modules/.pnpm/next@14.2.35_react-dom@18.3.1_react@18.3.1__react@18.3.1_sass@1.101.0/node_modules/next/dist/client/components/react-dev-overlay/pages/hot-reloader-client.js:221
[  211525ms] [LOG] [Fast Refresh] done in 301ms @ webpack-internal:///./node_modules/.pnpm/next@14.2.35_react-dom@18.3.1_react@18.3.1__react@18.3.1_sass@1.101.0/node_modules/next/dist/client/components/react-dev-overlay/pages/hot-reloader-client.js:190
[  220960ms] [LOG] [Fast Refresh] rebuilding @ webpack-internal:///./node_modules/.pnpm/next@14.2.35_react-dom@18.3.1_react@18.3.1__react@18.3.1_sass@1.101.0/node_modules/next/dist/client/components/react-dev-overlay/pages/hot-reloader-client.js:221
[  221210ms] [LOG] [Fast Refresh] done in 249ms @ webpack-internal:///./node_modules/.pnpm/next@14.2.35_react-dom@18.3.1_react@18.3.1__react@18.3.1_sass@1.101.0/node_modules/next/dist/client/components/react-dev-overlay/pages/hot-reloader-client.js:190
[  230909ms] [LOG] [Fast Refresh] rebuilding @ webpack-internal:///./node_modules/.pnpm/next@14.2.35_react-dom@18.3.1_react@18.3.1__react@18.3.1_sass@1.101.0/node_modules/next/dist/client/components/react-dev-overlay/pages/hot-reloader-client.js:221
[  231087ms] [LOG] [Fast Refresh] done in 178ms @ webpack-internal:///./node_modules/.pnpm/next@14.2.35_react-dom@18.3.1_react@18.3.1__react@18.3.1_sass@1.101.0/node_modules/next/dist/client/components/react-dev-overlay/pages/hot-reloader-client.js:190
[  250741ms] [LOG] [Fast Refresh] rebuilding @ webpack-internal:///./node_modules/.pnpm/next@14.2.35_react-dom@18.3.1_react@18.3.1__react@18.3.1_sass@1.101.0/node_modules/next/dist/client/components/react-dev-overlay/pages/hot-reloader-client.js:221
[  251482ms] [LOG] Refreshing page data due to server-side change @ webpack-internal:///./node_modules/.pnpm/next@14.2.35_react-dom@18.3.1_react@18.3.1__react@18.3.1_sass@1.101.0/node_modules/next/dist/client/page-bootstrap.js:100
[  251715ms] [LOG] [Fast Refresh] done in 974ms @ webpack-internal:///./node_modules/.pnpm/next@14.2.35_react-dom@18.3.1_react@18.3.1__react@18.3.1_sass@1.101.0/node_modules/next/dist/client/components/react-dev-overlay/pages/hot-reloader-client.js:190
[  273948ms] [LOG] [Fast Refresh] rebuilding @ webpack-internal:///./node_modules/.pnpm/next@14.2.35_react-dom@18.3.1_react@18.3.1__react@18.3.1_sass@1.101.0/node_modules/next/dist/client/components/react-dev-overlay/pages/hot-reloader-client.js:221
[  274625ms] [LOG] Refreshing page data due to server-side change @ webpack-internal:///./node_modules/.pnpm/next@14.2.35_react-dom@18.3.1_react@18.3.1__react@18.3.1_sass@1.101.0/node_modules/next/dist/client/page-bootstrap.js:100
[  274703ms] [LOG] [Fast Refresh] done in 757ms @ webpack-internal:///./node_modules/.pnpm/next@14.2.35_react-dom@18.3.1_react@18.3.1__react@18.3.1_sass@1.101.0/node_modules/next/dist/client/components/react-dev-overlay/pages/hot-reloader-client.js:190
